[2023-04-25 15:36:23:1681][restartedMain] DEBUG o.s.w.s.m.m.a.RequestMappingHandlerAdapter - ControllerAdvice beans: 0 @ModelAttribute, 0 @InitBinder, 1 RequestBodyAdvice, 1 ResponseBodyAdvice
[2023-04-25 15:36:23:1726][restartedMain] DEBUG o.s.w.s.m.m.a.RequestMappingHandlerMapping - 5 mappings in 'requestMappingHandlerMapping'
[2023-04-25 15:36:23:1737][restartedMain] DEBUG o.s.w.s.h.SimpleUrlHandlerMapping - Patterns [/webjars/**, /**] in 'resourceHandlerMapping'
[2023-04-25 15:36:23:1743][restartedMain] DEBUG o.s.w.s.m.m.a.ExceptionHandlerExceptionResolver - ControllerAdvice beans: 0 @ExceptionHandler, 1 ResponseBodyAdvice
[2023-04-25 15:36:28:6406][http-nio-80-exec-1] INFO  o.s.web.servlet.DispatcherServlet - Initializing Servlet 'dispatcherServlet'
[2023-04-25 15:36:28:6407][http-nio-80-exec-1] DEBUG o.s.web.servlet.DispatcherServlet - Detected StandardServletMultipartResolver
[2023-04-25 15:36:28:6407][http-nio-80-exec-1] DEBUG o.s.web.servlet.DispatcherServlet - Detected AcceptHeaderLocaleResolver
[2023-04-25 15:36:28:6407][http-nio-80-exec-1] DEBUG o.s.web.servlet.DispatcherServlet - Detected FixedThemeResolver
[2023-04-25 15:36:28:6408][http-nio-80-exec-1] DEBUG o.s.web.servlet.DispatcherServlet - Detected org.springframework.web.servlet.view.DefaultRequestToViewNameTranslator@3bbc4b99
[2023-04-25 15:36:28:6408][http-nio-80-exec-1] DEBUG o.s.web.servlet.DispatcherServlet - Detected org.springframework.web.servlet.support.SessionFlashMapManager@3ad0dbce
[2023-04-25 15:36:28:6408][http-nio-80-exec-1] DEBUG o.s.web.servlet.DispatcherServlet - enableLoggingRequestDetails='false': request parameters and headers will be masked to prevent unsafe logging of potentially sensitive data
[2023-04-25 15:36:28:6408][http-nio-80-exec-1] INFO  o.s.web.servlet.DispatcherServlet - Completed initialization in 1 ms
[2023-04-25 15:36:28:6413][http-nio-80-exec-1] DEBUG o.s.web.servlet.DispatcherServlet - GET "/", parameters={}
[2023-04-25 15:36:28:6416][http-nio-80-exec-1] DEBUG o.s.w.s.m.m.a.RequestMappingHandlerMapping - Mapped to com.kbstar.controller.MainController#main()
[2023-04-25 15:36:28:6427][http-nio-80-exec-1] DEBUG o.s.w.s.v.ContentNegotiatingViewResolver - Selected 'text/html' given [text/html, application/xhtml+xml, image/avif, image/webp, image/apng, application/xml;q=0.9, application/signed-exchange;v=b3;q=0.7, */*;q=0.8]
[2023-04-25 15:36:28:6427][http-nio-80-exec-1] DEBUG o.s.web.servlet.view.JstlView - View name 'index', model {}
[2023-04-25 15:36:28:6429][http-nio-80-exec-1] DEBUG o.s.web.servlet.view.JstlView - Forwarding to [/views/index.jsp]
[2023-04-25 15:36:28:6948][http-nio-80-exec-2] DEBUG o.s.web.servlet.DispatcherServlet - GET "/vendor/fontawesome-free/css/all.min.css", parameters={}
[2023-04-25 15:36:28:6952][http-nio-80-exec-2] DEBUG o.s.w.s.h.SimpleUrlHandlerMapping - Mapped to ResourceHttpRequestHandler [classpath [META-INF/resources/], classpath [resources/], classpath [static/], classpath [public/], ServletContext [/]]
[2023-04-25 15:36:28:6956][http-nio-80-exec-3] DEBUG o.s.web.servlet.DispatcherServlet - GET "/css/sb-admin-2.min.css", parameters={}
[2023-04-25 15:36:28:6956][http-nio-80-exec-5] DEBUG o.s.web.servlet.DispatcherServlet - GET "/img/undraw_profile_1.svg", parameters={}
[2023-04-25 15:36:28:6956][http-nio-80-exec-4] DEBUG o.s.web.servlet.DispatcherServlet - GET "/img/undraw_rocket.svg", parameters={}
[2023-04-25 15:36:28:6957][http-nio-80-exec-6] DEBUG o.s.web.servlet.DispatcherServlet - GET "/img/undraw_profile_2.svg", parameters={}
[2023-04-25 15:36:28:6957][http-nio-80-exec-5] DEBUG o.s.w.s.h.SimpleUrlHandlerMapping - Mapped to ResourceHttpRequestHandler [classpath [META-INF/resources/], classpath [resources/], classpath [static/], classpath [public/], ServletContext [/]]
[2023-04-25 15:36:28:6957][http-nio-80-exec-6] DEBUG o.s.w.s.h.SimpleUrlHandlerMapping - Mapped to ResourceHttpRequestHandler [classpath [META-INF/resources/], classpath [resources/], classpath [static/], classpath [public/], ServletContext [/]]
[2023-04-25 15:36:28:6957][http-nio-80-exec-4] DEBUG o.s.w.s.h.SimpleUrlHandlerMapping - Mapped to ResourceHttpRequestHandler [classpath [META-INF/resources/], classpath [resources/], classpath [static/], classpath [public/], ServletContext [/]]
[2023-04-25 15:36:28:6957][http-nio-80-exec-3] DEBUG o.s.w.s.h.SimpleUrlHandlerMapping - Mapped to ResourceHttpRequestHandler [classpath [META-INF/resources/], classpath [resources/], classpath [static/], classpath [public/], ServletContext [/]]
[2023-04-25 15:36:28:6962][http-nio-80-exec-6] DEBUG o.s.web.servlet.DispatcherServlet - Completed 200 OK
[2023-04-25 15:36:28:6964][http-nio-80-exec-5] DEBUG o.s.web.servlet.DispatcherServlet - Completed 200 OK
[2023-04-25 15:36:28:6965][http-nio-80-exec-3] DEBUG o.s.web.servlet.DispatcherServlet - Completed 200 OK
[2023-04-25 15:36:28:6965][http-nio-80-exec-4] DEBUG o.s.web.servlet.DispatcherServlet - Completed 200 OK
[2023-04-25 15:36:28:6967][http-nio-80-exec-2] DEBUG o.s.web.servlet.DispatcherServlet - Completed 200 OK
[2023-04-25 15:36:28:6969][http-nio-80-exec-6] DEBUG o.s.web.servlet.DispatcherServlet - GET "/img/undraw_profile_3.svg", parameters={}
[2023-04-25 15:36:28:6970][http-nio-80-exec-6] DEBUG o.s.w.s.h.SimpleUrlHandlerMapping - Mapped to ResourceHttpRequestHandler [classpath [META-INF/resources/], classpath [resources/], classpath [static/], classpath [public/], ServletContext [/]]
[2023-04-25 15:36:28:6971][http-nio-80-exec-6] DEBUG o.s.web.servlet.DispatcherServlet - Completed 200 OK
[2023-04-25 15:36:28:6973][http-nio-80-exec-1] DEBUG o.s.web.servlet.DispatcherServlet - Completed 200 OK
[2023-04-25 15:36:28:7036][http-nio-80-exec-7] DEBUG o.s.web.servlet.DispatcherServlet - GET "/img/undraw_profile.svg", parameters={}
[2023-04-25 15:36:28:7037][http-nio-80-exec-10] DEBUG o.s.web.servlet.DispatcherServlet - GET "/vendor/jquery/jquery.min.js", parameters={}
[2023-04-25 15:36:28:7037][http-nio-80-exec-9] DEBUG o.s.web.servlet.DispatcherServlet - GET "/vendor/bootstrap/js/bootstrap.bundle.min.js", parameters={}
[2023-04-25 15:36:28:7037][http-nio-80-exec-3] DEBUG o.s.web.servlet.DispatcherServlet - GET "/js/sb-admin-2.min.js", parameters={}
[2023-04-25 15:36:28:7037][http-nio-80-exec-5] DEBUG o.s.web.servlet.DispatcherServlet - GET "/vendor/jquery-easing/jquery.easing.min.js", parameters={}
[2023-04-25 15:36:28:7038][http-nio-80-exec-7] DEBUG o.s.w.s.h.SimpleUrlHandlerMapping - Mapped to ResourceHttpRequestHandler [classpath [META-INF/resources/], classpath [resources/], classpath [static/], classpath [public/], ServletContext [/]]
[2023-04-25 15:36:28:7037][http-nio-80-exec-8] DEBUG o.s.web.servlet.DispatcherServlet - GET "/img/undraw_posting_photo.svg", parameters={}
[2023-04-25 15:36:28:7038][http-nio-80-exec-10] DEBUG o.s.w.s.h.SimpleUrlHandlerMapping - Mapped to ResourceHttpRequestHandler [classpath [META-INF/resources/], classpath [resources/], classpath [static/], classpath [public/], ServletContext [/]]
[2023-04-25 15:36:28:7038][http-nio-80-exec-9] DEBUG o.s.w.s.h.SimpleUrlHandlerMapping - Mapped to ResourceHttpRequestHandler [classpath [META-INF/resources/], classpath [resources/], classpath [static/], classpath [public/], ServletContext [/]]
[2023-04-25 15:36:28:7038][http-nio-80-exec-3] DEBUG o.s.w.s.h.SimpleUrlHandlerMapping - Mapped to ResourceHttpRequestHandler [classpath [META-INF/resources/], classpath [resources/], classpath [static/], classpath [public/], ServletContext [/]]
[2023-04-25 15:36:28:7038][http-nio-80-exec-5] DEBUG o.s.w.s.h.SimpleUrlHandlerMapping - Mapped to ResourceHttpRequestHandler [classpath [META-INF/resources/], classpath [resources/], classpath [static/], classpath [public/], ServletContext [/]]
[2023-04-25 15:36:28:7038][http-nio-80-exec-8] DEBUG o.s.w.s.h.SimpleUrlHandlerMapping - Mapped to ResourceHttpRequestHandler [classpath [META-INF/resources/], classpath [resources/], classpath [static/], classpath [public/], ServletContext [/]]
[2023-04-25 15:36:28:7041][http-nio-80-exec-7] DEBUG o.s.web.servlet.DispatcherServlet - Completed 200 OK
[2023-04-25 15:36:28:7041][http-nio-80-exec-5] DEBUG o.s.web.servlet.DispatcherServlet - Completed 200 OK
[2023-04-25 15:36:28:7041][http-nio-80-exec-9] DEBUG o.s.web.servlet.DispatcherServlet - Completed 200 OK
[2023-04-25 15:36:28:7041][http-nio-80-exec-8] DEBUG o.s.web.servlet.DispatcherServlet - Completed 200 OK
[2023-04-25 15:36:28:7041][http-nio-80-exec-10] DEBUG o.s.web.servlet.DispatcherServlet - Completed 200 OK
[2023-04-25 15:36:28:7042][http-nio-80-exec-3] DEBUG o.s.web.servlet.DispatcherServlet - Completed 200 OK
[2023-04-25 15:36:28:7043][http-nio-80-exec-5] DEBUG o.s.web.servlet.DispatcherServlet - GET "/vendor/fontawesome-free/webfonts/fa-solid-900.woff2", parameters={}
[2023-04-25 15:36:28:7044][http-nio-80-exec-5] DEBUG o.s.w.s.h.SimpleUrlHandlerMapping - Mapped to ResourceHttpRequestHandler [classpath [META-INF/resources/], classpath [resources/], classpath [static/], classpath [public/], ServletContext [/]]
[2023-04-25 15:36:28:7044][http-nio-80-exec-4] DEBUG o.s.web.servlet.DispatcherServlet - GET "/vendor/chart.js/Chart.min.js", parameters={}
[2023-04-25 15:36:28:7044][http-nio-80-exec-6] DEBUG o.s.web.servlet.DispatcherServlet - GET "/js/demo/chart-area-demo.js", parameters={}
[2023-04-25 15:36:28:7044][http-nio-80-exec-1] DEBUG o.s.web.servlet.DispatcherServlet - GET "/js/demo/chart-pie-demo.js", parameters={}
[2023-04-25 15:36:28:7044][http-nio-80-exec-4] DEBUG o.s.w.s.h.SimpleUrlHandlerMapping - Mapped to ResourceHttpRequestHandler [classpath [META-INF/resources/], classpath [resources/], classpath [static/], classpath [public/], ServletContext [/]]
[2023-04-25 15:36:28:7044][http-nio-80-exec-2] DEBUG o.s.web.servlet.DispatcherServlet - GET "/vendor/datatables/jquery.dataTables.min.js", parameters={}
[2023-04-25 15:36:28:7045][http-nio-80-exec-7] DEBUG o.s.web.servlet.DispatcherServlet - GET "/js/demo/chart-bar-demo.js", parameters={}
[2023-04-25 15:36:28:7045][http-nio-80-exec-6] DEBUG o.s.w.s.h.SimpleUrlHandlerMapping - Mapped to ResourceHttpRequestHandler [classpath [META-INF/resources/], classpath [resources/], classpath [static/], classpath [public/], ServletContext [/]]
[2023-04-25 15:36:28:7045][http-nio-80-exec-1] DEBUG o.s.w.s.h.SimpleUrlHandlerMapping - Mapped to ResourceHttpRequestHandler [classpath [META-INF/resources/], classpath [resources/], classpath [static/], classpath [public/], ServletContext [/]]
[2023-04-25 15:36:28:7045][http-nio-80-exec-2] DEBUG o.s.w.s.h.SimpleUrlHandlerMapping - Mapped to ResourceHttpRequestHandler [classpath [META-INF/resources/], classpath [resources/], classpath [static/], classpath [public/], ServletContext [/]]
[2023-04-25 15:36:28:7045][http-nio-80-exec-7] DEBUG o.s.w.s.h.SimpleUrlHandlerMapping - Mapped to ResourceHttpRequestHandler [classpath [META-INF/resources/], classpath [resources/], classpath [static/], classpath [public/], ServletContext [/]]
[2023-04-25 15:36:28:7047][http-nio-80-exec-6] DEBUG o.s.web.servlet.DispatcherServlet - Completed 200 OK
[2023-04-25 15:36:28:7048][http-nio-80-exec-1] DEBUG o.s.web.servlet.DispatcherServlet - Completed 200 OK
[2023-04-25 15:36:28:7048][http-nio-80-exec-7] DEBUG o.s.web.servlet.DispatcherServlet - Completed 200 OK
[2023-04-25 15:36:28:7048][http-nio-80-exec-4] DEBUG o.s.web.servlet.DispatcherServlet - Completed 200 OK
[2023-04-25 15:36:28:7050][http-nio-80-exec-2] DEBUG o.s.web.servlet.DispatcherServlet - Completed 200 OK
[2023-04-25 15:36:28:7050][http-nio-80-exec-8] DEBUG o.s.web.servlet.DispatcherServlet - GET "/vendor/datatables/dataTables.bootstrap4.min.js", parameters={}
[2023-04-25 15:36:28:7050][http-nio-80-exec-8] DEBUG o.s.w.s.h.SimpleUrlHandlerMapping - Mapped to ResourceHttpRequestHandler [classpath [META-INF/resources/], classpath [resources/], classpath [static/], classpath [public/], ServletContext [/]]
[2023-04-25 15:36:28:7051][http-nio-80-exec-9] DEBUG o.s.web.servlet.DispatcherServlet - GET "/js/demo/datatables-demo.js", parameters={}
[2023-04-25 15:36:28:7051][http-nio-80-exec-9] DEBUG o.s.w.s.h.SimpleUrlHandlerMapping - Mapped to ResourceHttpRequestHandler [classpath [META-INF/resources/], classpath [resources/], classpath [static/], classpath [public/], ServletContext [/]]
[2023-04-25 15:36:28:7052][http-nio-80-exec-5] DEBUG o.s.web.servlet.DispatcherServlet - Completed 200 OK
[2023-04-25 15:36:28:7052][http-nio-80-exec-8] DEBUG o.s.web.servlet.DispatcherServlet - Completed 200 OK
[2023-04-25 15:36:28:7052][http-nio-80-exec-9] DEBUG o.s.web.servlet.DispatcherServlet - Completed 200 OK
[2023-04-25 15:36:32:10465][http-nio-80-exec-10] DEBUG o.s.web.servlet.DispatcherServlet - GET "/charts", parameters={}
[2023-04-25 15:36:32:10465][http-nio-80-exec-10] DEBUG o.s.w.s.m.m.a.RequestMappingHandlerMapping - Mapped to com.kbstar.controller.MainController#charts(Model)
[2023-04-25 15:36:32:10470][http-nio-80-exec-10] DEBUG o.s.w.s.v.ContentNegotiatingViewResolver - Selected 'text/html' given [text/html, application/xhtml+xml, image/avif, image/webp, image/apng, application/xml;q=0.9, application/signed-exchange;v=b3;q=0.7, */*;q=0.8]
[2023-04-25 15:36:32:10470][http-nio-80-exec-10] DEBUG o.s.web.servlet.view.JstlView - View name 'index', model {center=charts}
[2023-04-25 15:36:32:10470][http-nio-80-exec-10] DEBUG o.s.web.servlet.view.JstlView - Forwarding to [/views/index.jsp]
[2023-04-25 15:36:32:10521][http-nio-80-exec-3] DEBUG o.s.web.servlet.DispatcherServlet - GET "/vendor/fontawesome-free/css/all.min.css", parameters={}
[2023-04-25 15:36:32:10522][http-nio-80-exec-6] DEBUG o.s.web.servlet.DispatcherServlet - GET "/css/sb-admin-2.min.css", parameters={}
[2023-04-25 15:36:32:10522][http-nio-80-exec-1] DEBUG o.s.web.servlet.DispatcherServlet - GET "/img/undraw_rocket.svg", parameters={}
[2023-04-25 15:36:32:10522][http-nio-80-exec-7] DEBUG o.s.web.servlet.DispatcherServlet - GET "/img/undraw_profile_1.svg", parameters={}
[2023-04-25 15:36:32:10522][http-nio-80-exec-3] DEBUG o.s.w.s.h.SimpleUrlHandlerMapping - Mapped to ResourceHttpRequestHandler [classpath [META-INF/resources/], classpath [resources/], classpath [static/], classpath [public/], ServletContext [/]]
[2023-04-25 15:36:32:10522][http-nio-80-exec-6] DEBUG o.s.w.s.h.SimpleUrlHandlerMapping - Mapped to ResourceHttpRequestHandler [classpath [META-INF/resources/], classpath [resources/], classpath [static/], classpath [public/], ServletContext [/]]
[2023-04-25 15:36:32:10522][http-nio-80-exec-1] DEBUG o.s.w.s.h.SimpleUrlHandlerMapping - Mapped to ResourceHttpRequestHandler [classpath [META-INF/resources/], classpath [resources/], classpath [static/], classpath [public/], ServletContext [/]]
[2023-04-25 15:36:32:10522][http-nio-80-exec-7] DEBUG o.s.w.s.h.SimpleUrlHandlerMapping - Mapped to ResourceHttpRequestHandler [classpath [META-INF/resources/], classpath [resources/], classpath [static/], classpath [public/], ServletContext [/]]
[2023-04-25 15:36:32:10523][http-nio-80-exec-4] DEBUG o.s.web.servlet.DispatcherServlet - GET "/img/undraw_profile_2.svg", parameters={}
[2023-04-25 15:36:32:10524][http-nio-80-exec-4] DEBUG o.s.w.s.h.SimpleUrlHandlerMapping - Mapped to ResourceHttpRequestHandler [classpath [META-INF/resources/], classpath [resources/], classpath [static/], classpath [public/], ServletContext [/]]
[2023-04-25 15:36:32:10525][http-nio-80-exec-1] DEBUG o.s.web.servlet.DispatcherServlet - Completed 200 OK
[2023-04-25 15:36:32:10525][http-nio-80-exec-6] DEBUG o.s.web.servlet.DispatcherServlet - Completed 200 OK
[2023-04-25 15:36:32:10525][http-nio-80-exec-3] DEBUG o.s.web.servlet.DispatcherServlet - Completed 200 OK
[2023-04-25 15:36:32:10526][http-nio-80-exec-2] DEBUG o.s.web.servlet.DispatcherServlet - GET "/img/undraw_profile_3.svg", parameters={}
[2023-04-25 15:36:32:10526][http-nio-80-exec-2] DEBUG o.s.w.s.h.SimpleUrlHandlerMapping - Mapped to ResourceHttpRequestHandler [classpath [META-INF/resources/], classpath [resources/], classpath [static/], classpath [public/], ServletContext [/]]
[2023-04-25 15:36:32:10527][http-nio-80-exec-7] DEBUG o.s.web.servlet.DispatcherServlet - Completed 200 OK
[2023-04-25 15:36:32:10527][http-nio-80-exec-4] DEBUG o.s.web.servlet.DispatcherServlet - Completed 200 OK
[2023-04-25 15:36:32:10527][http-nio-80-exec-2] DEBUG o.s.web.servlet.DispatcherServlet - Completed 200 OK
[2023-04-25 15:36:32:10538][http-nio-80-exec-10] DEBUG o.s.web.servlet.DispatcherServlet - Completed 200 OK
[2023-04-25 15:36:32:10552][http-nio-80-exec-5] DEBUG o.s.web.servlet.DispatcherServlet - GET "/img/undraw_profile.svg", parameters={}
[2023-04-25 15:36:32:10552][http-nio-80-exec-8] DEBUG o.s.web.servlet.DispatcherServlet - GET "/vendor/jquery/jquery.min.js", parameters={}
[2023-04-25 15:36:32:10552][http-nio-80-exec-6] DEBUG o.s.web.servlet.DispatcherServlet - GET "/vendor/jquery-easing/jquery.easing.min.js", parameters={}
[2023-04-25 15:36:32:10552][http-nio-80-exec-9] DEBUG o.s.web.servlet.DispatcherServlet - GET "/vendor/bootstrap/js/bootstrap.bundle.min.js", parameters={}
[2023-04-25 15:36:32:10552][http-nio-80-exec-5] DEBUG o.s.w.s.h.SimpleUrlHandlerMapping - Mapped to ResourceHttpRequestHandler [classpath [META-INF/resources/], classpath [resources/], classpath [static/], classpath [public/], ServletContext [/]]
[2023-04-25 15:36:32:10552][http-nio-80-exec-6] DEBUG o.s.w.s.h.SimpleUrlHandlerMapping - Mapped to ResourceHttpRequestHandler [classpath [META-INF/resources/], classpath [resources/], classpath [static/], classpath [public/], ServletContext [/]]
[2023-04-25 15:36:32:10553][http-nio-80-exec-8] DEBUG o.s.w.s.h.SimpleUrlHandlerMapping - Mapped to ResourceHttpRequestHandler [classpath [META-INF/resources/], classpath [resources/], classpath [static/], classpath [public/], ServletContext [/]]
[2023-04-25 15:36:32:10553][http-nio-80-exec-1] DEBUG o.s.web.servlet.DispatcherServlet - GET "/js/sb-admin-2.min.js", parameters={}
[2023-04-25 15:36:32:10553][http-nio-80-exec-3] DEBUG o.s.web.servlet.DispatcherServlet - GET "/vendor/chart.js/Chart.min.js", parameters={}
[2023-04-25 15:36:32:10553][http-nio-80-exec-9] DEBUG o.s.w.s.h.SimpleUrlHandlerMapping - Mapped to ResourceHttpRequestHandler [classpath [META-INF/resources/], classpath [resources/], classpath [static/], classpath [public/], ServletContext [/]]
[2023-04-25 15:36:32:10553][http-nio-80-exec-1] DEBUG o.s.w.s.h.SimpleUrlHandlerMapping - Mapped to ResourceHttpRequestHandler [classpath [META-INF/resources/], classpath [resources/], classpath [static/], classpath [public/], ServletContext [/]]
[2023-04-25 15:36:32:10553][http-nio-80-exec-3] DEBUG o.s.w.s.h.SimpleUrlHandlerMapping - Mapped to ResourceHttpRequestHandler [classpath [META-INF/resources/], classpath [resources/], classpath [static/], classpath [public/], ServletContext [/]]
[2023-04-25 15:36:32:10553][http-nio-80-exec-5] DEBUG o.s.web.servlet.DispatcherServlet - Completed 200 OK
[2023-04-25 15:36:32:10553][http-nio-80-exec-1] DEBUG o.s.web.servlet.DispatcherServlet - Completed 200 OK
[2023-04-25 15:36:32:10555][http-nio-80-exec-9] DEBUG o.s.web.servlet.DispatcherServlet - Completed 200 OK
[2023-04-25 15:36:32:10555][http-nio-80-exec-3] DEBUG o.s.web.servlet.DispatcherServlet - Completed 200 OK
[2023-04-25 15:36:32:10556][http-nio-80-exec-6] DEBUG o.s.web.servlet.DispatcherServlet - Completed 200 OK
[2023-04-25 15:36:32:10556][http-nio-80-exec-8] DEBUG o.s.web.servlet.DispatcherServlet - Completed 200 OK
[2023-04-25 15:36:32:10557][http-nio-80-exec-10] DEBUG o.s.web.servlet.DispatcherServlet - GET "/vendor/datatables/jquery.dataTables.min.js", parameters={}
[2023-04-25 15:36:32:10557][http-nio-80-exec-2] DEBUG o.s.web.servlet.DispatcherServlet - GET "/js/demo/chart-bar-demo.js", parameters={}
[2023-04-25 15:36:32:10557][http-nio-80-exec-4] DEBUG o.s.web.servlet.DispatcherServlet - GET "/js/demo/chart-pie-demo.js", parameters={}
[2023-04-25 15:36:32:10557][http-nio-80-exec-7] DEBUG o.s.web.servlet.DispatcherServlet - GET "/js/demo/chart-area-demo.js", parameters={}
[2023-04-25 15:36:32:10558][http-nio-80-exec-5] DEBUG o.s.web.servlet.DispatcherServlet - GET "/vendor/datatables/dataTables.bootstrap4.min.js", parameters={}
[2023-04-25 15:36:32:10558][http-nio-80-exec-1] DEBUG o.s.web.servlet.DispatcherServlet - GET "/js/demo/datatables-demo.js", parameters={}
[2023-04-25 15:36:32:10558][http-nio-80-exec-10] DEBUG o.s.w.s.h.SimpleUrlHandlerMapping - Mapped to ResourceHttpRequestHandler [classpath [META-INF/resources/], classpath [resources/], classpath [static/], classpath [public/], ServletContext [/]]
[2023-04-25 15:36:32:10558][http-nio-80-exec-2] DEBUG o.s.w.s.h.SimpleUrlHandlerMapping - Mapped to ResourceHttpRequestHandler [classpath [META-INF/resources/], classpath [resources/], classpath [static/], classpath [public/], ServletContext [/]]
[2023-04-25 15:36:32:10558][http-nio-80-exec-5] DEBUG o.s.w.s.h.SimpleUrlHandlerMapping - Mapped to ResourceHttpRequestHandler [classpath [META-INF/resources/], classpath [resources/], classpath [static/], classpath [public/], ServletContext [/]]
[2023-04-25 15:36:32:10558][http-nio-80-exec-1] DEBUG o.s.w.s.h.SimpleUrlHandlerMapping - Mapped to ResourceHttpRequestHandler [classpath [META-INF/resources/], classpath [resources/], classpath [static/], classpath [public/], ServletContext [/]]
[2023-04-25 15:36:32:10558][http-nio-80-exec-7] DEBUG o.s.w.s.h.SimpleUrlHandlerMapping - Mapped to ResourceHttpRequestHandler [classpath [META-INF/resources/], classpath [resources/], classpath [static/], classpath [public/], ServletContext [/]]
[2023-04-25 15:36:32:10558][http-nio-80-exec-4] DEBUG o.s.w.s.h.SimpleUrlHandlerMapping - Mapped to ResourceHttpRequestHandler [classpath [META-INF/resources/], classpath [resources/], classpath [static/], classpath [public/], ServletContext [/]]
[2023-04-25 15:36:32:10559][http-nio-80-exec-1] DEBUG o.s.web.servlet.DispatcherServlet - Completed 200 OK
[2023-04-25 15:36:32:10560][http-nio-80-exec-10] DEBUG o.s.web.servlet.DispatcherServlet - Completed 200 OK
[2023-04-25 15:36:32:10559][http-nio-80-exec-4] DEBUG o.s.web.servlet.DispatcherServlet - Completed 200 OK
[2023-04-25 15:36:32:10559][http-nio-80-exec-2] DEBUG o.s.web.servlet.DispatcherServlet - Completed 200 OK
[2023-04-25 15:36:32:10559][http-nio-80-exec-7] DEBUG o.s.web.servlet.DispatcherServlet - Completed 200 OK
[2023-04-25 15:36:32:10567][http-nio-80-exec-9] DEBUG o.s.web.servlet.DispatcherServlet - GET "/vendor/fontawesome-free/webfonts/fa-solid-900.woff2", parameters={}
[2023-04-25 15:36:32:10567][http-nio-80-exec-9] DEBUG o.s.w.s.h.SimpleUrlHandlerMapping - Mapped to ResourceHttpRequestHandler [classpath [META-INF/resources/], classpath [resources/], classpath [static/], classpath [public/], ServletContext [/]]
[2023-04-25 15:36:32:10569][http-nio-80-exec-5] DEBUG o.s.web.servlet.DispatcherServlet - Completed 200 OK
[2023-04-25 15:36:32:10571][http-nio-80-exec-9] DEBUG o.s.web.servlet.DispatcherServlet - Completed 200 OK
[2023-04-25 15:36:35:13658][http-nio-80-exec-3] DEBUG o.s.web.servlet.DispatcherServlet - GET "/tables", parameters={}
[2023-04-25 15:36:35:13658][http-nio-80-exec-3] DEBUG o.s.w.s.m.m.a.RequestMappingHandlerMapping - Mapped to com.kbstar.controller.ItemController#main(Model)
[2023-04-25 15:36:35:13659][http-nio-80-exec-3] DEBUG o.s.w.s.v.ContentNegotiatingViewResolver - Selected 'text/html' given [text/html, application/xhtml+xml, image/avif, image/webp, image/apng, application/xml;q=0.9, application/signed-exchange;v=b3;q=0.7, */*;q=0.8]
[2023-04-25 15:36:35:13666][http-nio-80-exec-3] DEBUG o.s.web.servlet.view.JstlView - View name 'index', model {allitem=[ItemDTO(id=100, name=a, price=1000, imgname=a.jpg, regdate=Tue Apr 25 15:36:35 KST 2023), ItemDTO(id=101, name=b, price=1000, imgname=b.jpg, regdate=Tue Apr 25 15:36:35 KST 2023), ItemDTO(id=102, name=c, price=1000, imgname=c.jpg, regdate=Tue Apr 25 15:36:35 KST 2023), ItemDTO(id=103, name=d, price=1000, imgname=d.jpg, regdate=Tue Apr 25 15:36:35 KST 2023), ItemDTO(id=104, name=e, price=1000, imgname=e.jpg, regdate=Tue Apr 25 15:36:35 KST 2023), ItemDTO(id=105, name=f, price=1000, imgname=f.jpg, regdate=Tue Apr 25 15:36:35 KST 2023), ItemDTO(id=106, name=g, price=1000, imgname=g.jpg, regdate=Tue Apr 25 15:36:35 KST 2023), ItemDTO(id=107, name=h, price=1000, imgname=h.jpg, regdate=Tue Apr 25 15:36:35 KST 2023), ItemDTO(id=108, name=i, price=1000, imgname=i.jpg, regdate=Tue Apr 25 15:36:35 KST 2023), ItemDTO(id=109, name=j, price=1000, imgname=j.jpg, regdate=Tue Apr 25 15:36:35 KST 2023), ItemDTO(id=110, name=k, price=1000, imgname=k.jpg, regdate=Tue Apr 25 15:36:35 KST 2023), ItemDTO(id=111, name=l, price=1000, imgname=l.jpg, regdate=Tue Apr 25 15:36:35 KST 2023)], center=tables}
[2023-04-25 15:36:35:13667][http-nio-80-exec-3] DEBUG o.s.web.servlet.view.JstlView - Forwarding to [/views/index.jsp]
[2023-04-25 15:36:35:13723][http-nio-80-exec-10] DEBUG o.s.web.servlet.DispatcherServlet - GET "/img/undraw_rocket.svg", parameters={}
[2023-04-25 15:36:35:13723][http-nio-80-exec-8] DEBUG o.s.web.servlet.DispatcherServlet - GET "/css/sb-admin-2.min.css", parameters={}
[2023-04-25 15:36:35:13723][http-nio-80-exec-6] DEBUG o.s.web.servlet.DispatcherServlet - GET "/vendor/fontawesome-free/css/all.min.css", parameters={}
[2023-04-25 15:36:35:13723][http-nio-80-exec-1] DEBUG o.s.web.servlet.DispatcherServlet - GET "/img/undraw_profile_1.svg", parameters={}
[2023-04-25 15:36:35:13723][http-nio-80-exec-1] DEBUG o.s.w.s.h.SimpleUrlHandlerMapping - Mapped to ResourceHttpRequestHandler [classpath [META-INF/resources/], classpath [resources/], classpath [static/], classpath [public/], ServletContext [/]]
[2023-04-25 15:36:35:13724][http-nio-80-exec-6] DEBUG o.s.w.s.h.SimpleUrlHandlerMapping - Mapped to ResourceHttpRequestHandler [classpath [META-INF/resources/], classpath [resources/], classpath [static/], classpath [public/], ServletContext [/]]
[2023-04-25 15:36:35:13724][http-nio-80-exec-4] DEBUG o.s.web.servlet.DispatcherServlet - GET "/img/undraw_profile_2.svg", parameters={}
[2023-04-25 15:36:35:13724][http-nio-80-exec-4] DEBUG o.s.w.s.h.SimpleUrlHandlerMapping - Mapped to ResourceHttpRequestHandler [classpath [META-INF/resources/], classpath [resources/], classpath [static/], classpath [public/], ServletContext [/]]
[2023-04-25 15:36:35:13724][http-nio-80-exec-10] DEBUG o.s.w.s.h.SimpleUrlHandlerMapping - Mapped to ResourceHttpRequestHandler [classpath [META-INF/resources/], classpath [resources/], classpath [static/], classpath [public/], ServletContext [/]]
[2023-04-25 15:36:35:13726][http-nio-80-exec-10] DEBUG o.s.web.servlet.DispatcherServlet - Completed 200 OK
[2023-04-25 15:36:35:13723][http-nio-80-exec-8] DEBUG o.s.w.s.h.SimpleUrlHandlerMapping - Mapped to ResourceHttpRequestHandler [classpath [META-INF/resources/], classpath [resources/], classpath [static/], classpath [public/], ServletContext [/]]
[2023-04-25 15:36:35:13726][http-nio-80-exec-1] DEBUG o.s.web.servlet.DispatcherServlet - Completed 200 OK
[2023-04-25 15:36:35:13727][http-nio-80-exec-4] DEBUG o.s.web.servlet.DispatcherServlet - Completed 200 OK
[2023-04-25 15:36:35:13728][http-nio-80-exec-2] DEBUG o.s.web.servlet.DispatcherServlet - GET "/img/undraw_profile_3.svg", parameters={}
[2023-04-25 15:36:35:13730][http-nio-80-exec-8] DEBUG o.s.web.servlet.DispatcherServlet - Completed 200 OK
[2023-04-25 15:36:35:13728][http-nio-80-exec-6] DEBUG o.s.web.servlet.DispatcherServlet - Completed 200 OK
[2023-04-25 15:36:35:13728][http-nio-80-exec-2] DEBUG o.s.w.s.h.SimpleUrlHandlerMapping - Mapped to ResourceHttpRequestHandler [classpath [META-INF/resources/], classpath [resources/], classpath [static/], classpath [public/], ServletContext [/]]
[2023-04-25 15:36:35:13732][http-nio-80-exec-2] DEBUG o.s.web.servlet.DispatcherServlet - Completed 200 OK
[2023-04-25 15:36:35:13749][http-nio-80-exec-7] DEBUG o.s.web.servlet.DispatcherServlet - GET "/vendor/fontawesome-free/webfonts/fa-solid-900.woff2", parameters={}
[2023-04-25 15:36:35:13750][http-nio-80-exec-7] DEBUG o.s.w.s.h.SimpleUrlHandlerMapping - Mapped to ResourceHttpRequestHandler [classpath [META-INF/resources/], classpath [resources/], classpath [static/], classpath [public/], ServletContext [/]]
[2023-04-25 15:36:35:13753][http-nio-80-exec-7] DEBUG o.s.web.servlet.DispatcherServlet - Completed 200 OK
[2023-04-25 15:36:35:13811][http-nio-80-exec-3] DEBUG o.s.web.servlet.DispatcherServlet - Completed 200 OK
[2023-04-25 15:36:35:13813][http-nio-80-exec-5] DEBUG o.s.web.servlet.DispatcherServlet - GET "/img/undraw_profile.svg", parameters={}
[2023-04-25 15:36:35:13814][http-nio-80-exec-9] DEBUG o.s.web.servlet.DispatcherServlet - GET "/img/a.jpg", parameters={}
[2023-04-25 15:36:35:13814][http-nio-80-exec-5] DEBUG o.s.w.s.h.SimpleUrlHandlerMapping - Mapped to ResourceHttpRequestHandler [classpath [META-INF/resources/], classpath [resources/], classpath [static/], classpath [public/], ServletContext [/]]
[2023-04-25 15:36:35:13814][http-nio-80-exec-9] DEBUG o.s.w.s.h.SimpleUrlHandlerMapping - Mapped to ResourceHttpRequestHandler [classpath [META-INF/resources/], classpath [resources/], classpath [static/], classpath [public/], ServletContext [/]]
[2023-04-25 15:36:35:13814][http-nio-80-exec-10] DEBUG o.s.web.servlet.DispatcherServlet - GET "/img/b.jpg", parameters={}
[2023-04-25 15:36:35:13815][http-nio-80-exec-10] DEBUG o.s.w.s.h.SimpleUrlHandlerMapping - Mapped to ResourceHttpRequestHandler [classpath [META-INF/resources/], classpath [resources/], classpath [static/], classpath [public/], ServletContext [/]]
[2023-04-25 15:36:35:13815][http-nio-80-exec-1] DEBUG o.s.web.servlet.DispatcherServlet - GET "/img/c.jpg", parameters={}
[2023-04-25 15:36:35:13815][http-nio-80-exec-1] DEBUG o.s.w.s.h.SimpleUrlHandlerMapping - Mapped to ResourceHttpRequestHandler [classpath [META-INF/resources/], classpath [resources/], classpath [static/], classpath [public/], ServletContext [/]]
[2023-04-25 15:36:35:13816][http-nio-80-exec-5] DEBUG o.s.web.servlet.DispatcherServlet - Completed 200 OK
[2023-04-25 15:36:35:13816][http-nio-80-exec-5] DEBUG o.s.web.servlet.DispatcherServlet - GET "/img/d.jpg", parameters={}
[2023-04-25 15:36:35:13817][http-nio-80-exec-5] DEBUG o.s.w.s.h.SimpleUrlHandlerMapping - Mapped to ResourceHttpRequestHandler [classpath [META-INF/resources/], classpath [resources/], classpath [static/], classpath [public/], ServletContext [/]]
[2023-04-25 15:36:35:13817][http-nio-80-exec-9] DEBUG o.s.web.servlet.DispatcherServlet - Completed 200 OK
[2023-04-25 15:36:35:13817][http-nio-80-exec-1] DEBUG o.s.web.servlet.DispatcherServlet - Completed 200 OK
[2023-04-25 15:36:35:13817][http-nio-80-exec-10] DEBUG o.s.web.servlet.DispatcherServlet - Completed 200 OK
[2023-04-25 15:36:35:13817][http-nio-80-exec-6] DEBUG o.s.web.servlet.DispatcherServlet - GET "/img/e.jpg", parameters={}
[2023-04-25 15:36:35:13818][http-nio-80-exec-6] DEBUG o.s.w.s.h.SimpleUrlHandlerMapping - Mapped to ResourceHttpRequestHandler [classpath [META-INF/resources/], classpath [resources/], classpath [static/], classpath [public/], ServletContext [/]]
[2023-04-25 15:36:35:13818][http-nio-80-exec-8] DEBUG o.s.web.servlet.DispatcherServlet - GET "/img/f.jpg", parameters={}
[2023-04-25 15:36:35:13818][http-nio-80-exec-2] DEBUG o.s.web.servlet.DispatcherServlet - GET "/vendor/jquery/jquery.min.js", parameters={}
[2023-04-25 15:36:35:13818][http-nio-80-exec-5] DEBUG o.s.web.servlet.DispatcherServlet - Completed 200 OK
[2023-04-25 15:36:35:13820][http-nio-80-exec-2] DEBUG o.s.w.s.h.SimpleUrlHandlerMapping - Mapped to ResourceHttpRequestHandler [classpath [META-INF/resources/], classpath [resources/], classpath [static/], classpath [public/], ServletContext [/]]
[2023-04-25 15:36:35:13820][http-nio-80-exec-8] DEBUG o.s.w.s.h.SimpleUrlHandlerMapping - Mapped to ResourceHttpRequestHandler [classpath [META-INF/resources/], classpath [resources/], classpath [static/], classpath [public/], ServletContext [/]]
[2023-04-25 15:36:35:13820][http-nio-80-exec-6] DEBUG o.s.web.servlet.DispatcherServlet - Completed 200 OK
[2023-04-25 15:36:35:13821][http-nio-80-exec-2] DEBUG o.s.web.servlet.DispatcherServlet - Completed 200 OK
[2023-04-25 15:36:35:13821][http-nio-80-exec-8] DEBUG o.s.web.servlet.DispatcherServlet - Completed 200 OK
[2023-04-25 15:36:35:13822][http-nio-80-exec-7] DEBUG o.s.web.servlet.DispatcherServlet - GET "/vendor/bootstrap/js/bootstrap.bundle.min.js", parameters={}
[2023-04-25 15:36:35:13823][http-nio-80-exec-7] DEBUG o.s.w.s.h.SimpleUrlHandlerMapping - Mapped to ResourceHttpRequestHandler [classpath [META-INF/resources/], classpath [resources/], classpath [static/], classpath [public/], ServletContext [/]]
[2023-04-25 15:36:35:13823][http-nio-80-exec-4] DEBUG o.s.web.servlet.DispatcherServlet - GET "/js/sb-admin-2.min.js", parameters={}
[2023-04-25 15:36:35:13823][http-nio-80-exec-1] DEBUG o.s.web.servlet.DispatcherServlet - GET "/vendor/chart.js/Chart.min.js", parameters={}
[2023-04-25 15:36:35:13823][http-nio-80-exec-4] DEBUG o.s.w.s.h.SimpleUrlHandlerMapping - Mapped to ResourceHttpRequestHandler [classpath [META-INF/resources/], classpath [resources/], classpath [static/], classpath [public/], ServletContext [/]]
[2023-04-25 15:36:35:13823][http-nio-80-exec-1] DEBUG o.s.w.s.h.SimpleUrlHandlerMapping - Mapped to ResourceHttpRequestHandler [classpath [META-INF/resources/], classpath [resources/], classpath [static/], classpath [public/], ServletContext [/]]
[2023-04-25 15:36:35:13823][http-nio-80-exec-10] DEBUG o.s.web.servlet.DispatcherServlet - GET "/img/g.jpg", parameters={}
[2023-04-25 15:36:35:13824][http-nio-80-exec-10] DEBUG o.s.w.s.h.SimpleUrlHandlerMapping - Mapped to ResourceHttpRequestHandler [classpath [META-INF/resources/], classpath [resources/], classpath [static/], classpath [public/], ServletContext [/]]
[2023-04-25 15:36:35:13824][http-nio-80-exec-4] DEBUG o.s.web.servlet.DispatcherServlet - Completed 200 OK
[2023-04-25 15:36:35:13824][http-nio-80-exec-9] DEBUG o.s.web.servlet.DispatcherServlet - GET "/js/demo/chart-area-demo.js", parameters={}
[2023-04-25 15:36:35:13824][http-nio-80-exec-7] DEBUG o.s.web.servlet.DispatcherServlet - Completed 200 OK
[2023-04-25 15:36:35:13824][http-nio-80-exec-9] DEBUG o.s.w.s.h.SimpleUrlHandlerMapping - Mapped to ResourceHttpRequestHandler [classpath [META-INF/resources/], classpath [resources/], classpath [static/], classpath [public/], ServletContext [/]]
[2023-04-25 15:36:35:13825][http-nio-80-exec-1] DEBUG o.s.web.servlet.DispatcherServlet - Completed 200 OK
[2023-04-25 15:36:35:13825][http-nio-80-exec-9] DEBUG o.s.web.servlet.DispatcherServlet - Completed 200 OK
[2023-04-25 15:36:35:13825][http-nio-80-exec-10] DEBUG o.s.web.servlet.DispatcherServlet - Completed 200 OK
[2023-04-25 15:36:35:13826][http-nio-80-exec-3] DEBUG o.s.web.servlet.DispatcherServlet - GET "/vendor/jquery-easing/jquery.easing.min.js", parameters={}
[2023-04-25 15:36:35:13827][http-nio-80-exec-5] DEBUG o.s.web.servlet.DispatcherServlet - GET "/js/demo/chart-pie-demo.js", parameters={}
[2023-04-25 15:36:35:13827][http-nio-80-exec-6] DEBUG o.s.web.servlet.DispatcherServlet - GET "/js/demo/chart-bar-demo.js", parameters={}
[2023-04-25 15:36:35:13827][http-nio-80-exec-3] DEBUG o.s.w.s.h.SimpleUrlHandlerMapping - Mapped to ResourceHttpRequestHandler [classpath [META-INF/resources/], classpath [resources/], classpath [static/], classpath [public/], ServletContext [/]]
[2023-04-25 15:36:35:13827][http-nio-80-exec-5] DEBUG o.s.w.s.h.SimpleUrlHandlerMapping - Mapped to ResourceHttpRequestHandler [classpath [META-INF/resources/], classpath [resources/], classpath [static/], classpath [public/], ServletContext [/]]
[2023-04-25 15:36:35:13827][http-nio-80-exec-6] DEBUG o.s.w.s.h.SimpleUrlHandlerMapping - Mapped to ResourceHttpRequestHandler [classpath [META-INF/resources/], classpath [resources/], classpath [static/], classpath [public/], ServletContext [/]]
[2023-04-25 15:36:35:13828][http-nio-80-exec-2] DEBUG o.s.web.servlet.DispatcherServlet - GET "/img/h.jpg", parameters={}
[2023-04-25 15:36:35:13828][http-nio-80-exec-2] DEBUG o.s.w.s.h.SimpleUrlHandlerMapping - Mapped to ResourceHttpRequestHandler [classpath [META-INF/resources/], classpath [resources/], classpath [static/], classpath [public/], ServletContext [/]]
[2023-04-25 15:36:35:13829][http-nio-80-exec-3] DEBUG o.s.web.servlet.DispatcherServlet - Completed 200 OK
[2023-04-25 15:36:35:13829][http-nio-80-exec-5] DEBUG o.s.web.servlet.DispatcherServlet - Completed 200 OK
[2023-04-25 15:36:35:13829][http-nio-80-exec-6] DEBUG o.s.web.servlet.DispatcherServlet - Completed 200 OK
[2023-04-25 15:36:35:13829][http-nio-80-exec-8] DEBUG o.s.web.servlet.DispatcherServlet - GET "/img/i.jpg", parameters={}
[2023-04-25 15:36:35:13829][http-nio-80-exec-4] DEBUG o.s.web.servlet.DispatcherServlet - GET "/img/j.jpg", parameters={}
[2023-04-25 15:36:35:13829][http-nio-80-exec-8] DEBUG o.s.w.s.h.SimpleUrlHandlerMapping - Mapped to ResourceHttpRequestHandler [classpath [META-INF/resources/], classpath [resources/], classpath [static/], classpath [public/], ServletContext [/]]
[2023-04-25 15:36:35:13831][http-nio-80-exec-4] DEBUG o.s.w.s.h.SimpleUrlHandlerMapping - Mapped to ResourceHttpRequestHandler [classpath [META-INF/resources/], classpath [resources/], classpath [static/], classpath [public/], ServletContext [/]]
[2023-04-25 15:36:35:13831][http-nio-80-exec-2] DEBUG o.s.web.servlet.DispatcherServlet - Completed 200 OK
[2023-04-25 15:36:35:13833][http-nio-80-exec-4] DEBUG o.s.web.servlet.DispatcherServlet - Completed 200 OK
[2023-04-25 15:36:35:13833][http-nio-80-exec-8] DEBUG o.s.web.servlet.DispatcherServlet - Completed 200 OK
[2023-04-25 15:36:35:13833][http-nio-80-exec-7] DEBUG o.s.web.servlet.DispatcherServlet - GET "/vendor/datatables/jquery.dataTables.min.js", parameters={}
[2023-04-25 15:36:35:13833][http-nio-80-exec-7] DEBUG o.s.w.s.h.SimpleUrlHandlerMapping - Mapped to ResourceHttpRequestHandler [classpath [META-INF/resources/], classpath [resources/], classpath [static/], classpath [public/], ServletContext [/]]
[2023-04-25 15:36:35:13833][http-nio-80-exec-9] DEBUG o.s.web.servlet.DispatcherServlet - GET "/js/demo/datatables-demo.js", parameters={}
[2023-04-25 15:36:35:13833][http-nio-80-exec-1] DEBUG o.s.web.servlet.DispatcherServlet - GET "/vendor/datatables/dataTables.bootstrap4.min.js", parameters={}
[2023-04-25 15:36:35:13834][http-nio-80-exec-10] DEBUG o.s.web.servlet.DispatcherServlet - GET "/img/k.jpg", parameters={}
[2023-04-25 15:36:35:13834][http-nio-80-exec-9] DEBUG o.s.w.s.h.SimpleUrlHandlerMapping - Mapped to ResourceHttpRequestHandler [classpath [META-INF/resources/], classpath [resources/], classpath [static/], classpath [public/], ServletContext [/]]
[2023-04-25 15:36:35:13834][http-nio-80-exec-1] DEBUG o.s.w.s.h.SimpleUrlHandlerMapping - Mapped to ResourceHttpRequestHandler [classpath [META-INF/resources/], classpath [resources/], classpath [static/], classpath [public/], ServletContext [/]]
[2023-04-25 15:36:35:13834][http-nio-80-exec-10] DEBUG o.s.w.s.h.SimpleUrlHandlerMapping - Mapped to ResourceHttpRequestHandler [classpath [META-INF/resources/], classpath [resources/], classpath [static/], classpath [public/], ServletContext [/]]
[2023-04-25 15:36:35:13835][http-nio-80-exec-5] DEBUG o.s.web.servlet.DispatcherServlet - GET "/img/l.jpg", parameters={}
[2023-04-25 15:36:35:13835][http-nio-80-exec-7] DEBUG o.s.web.servlet.DispatcherServlet - Completed 200 OK
[2023-04-25 15:36:35:13835][http-nio-80-exec-1] DEBUG o.s.web.servlet.DispatcherServlet - Completed 200 OK
[2023-04-25 15:36:35:13835][http-nio-80-exec-5] DEBUG o.s.w.s.h.SimpleUrlHandlerMapping - Mapped to ResourceHttpRequestHandler [classpath [META-INF/resources/], classpath [resources/], classpath [static/], classpath [public/], ServletContext [/]]
[2023-04-25 15:36:35:13835][http-nio-80-exec-9] DEBUG o.s.web.servlet.DispatcherServlet - Completed 200 OK
[2023-04-25 15:36:35:13835][http-nio-80-exec-10] DEBUG o.s.web.servlet.DispatcherServlet - Completed 200 OK
[2023-04-25 15:36:35:13838][http-nio-80-exec-5] DEBUG o.s.web.servlet.DispatcherServlet - Completed 200 OK
[2023-04-25 15:38:13:1428][restartedMain] DEBUG o.s.w.s.m.m.a.RequestMappingHandlerAdapter - ControllerAdvice beans: 0 @ModelAttribute, 0 @InitBinder, 1 RequestBodyAdvice, 1 ResponseBodyAdvice
[2023-04-25 15:38:13:1464][restartedMain] DEBUG o.s.w.s.m.m.a.RequestMappingHandlerMapping - 5 mappings in 'requestMappingHandlerMapping'
[2023-04-25 15:38:13:1475][restartedMain] DEBUG o.s.w.s.h.SimpleUrlHandlerMapping - Patterns [/webjars/**, /**] in 'resourceHandlerMapping'
[2023-04-25 15:38:13:1480][restartedMain] DEBUG o.s.w.s.m.m.a.ExceptionHandlerExceptionResolver - ControllerAdvice beans: 0 @ExceptionHandler, 1 ResponseBodyAdvice
[2023-04-25 15:38:22:11358][http-nio-8088-exec-1] INFO  o.s.web.servlet.DispatcherServlet - Initializing Servlet 'dispatcherServlet'
[2023-04-25 15:38:22:11359][http-nio-8088-exec-1] DEBUG o.s.web.servlet.DispatcherServlet - Detected StandardServletMultipartResolver
[2023-04-25 15:38:22:11359][http-nio-8088-exec-1] DEBUG o.s.web.servlet.DispatcherServlet - Detected AcceptHeaderLocaleResolver
[2023-04-25 15:38:22:11359][http-nio-8088-exec-1] DEBUG o.s.web.servlet.DispatcherServlet - Detected FixedThemeResolver
[2023-04-25 15:38:22:11360][http-nio-8088-exec-1] DEBUG o.s.web.servlet.DispatcherServlet - Detected org.springframework.web.servlet.view.DefaultRequestToViewNameTranslator@23207b25
[2023-04-25 15:38:22:11360][http-nio-8088-exec-1] DEBUG o.s.web.servlet.DispatcherServlet - Detected org.springframework.web.servlet.support.SessionFlashMapManager@195016f2
[2023-04-25 15:38:22:11360][http-nio-8088-exec-1] DEBUG o.s.web.servlet.DispatcherServlet - enableLoggingRequestDetails='false': request parameters and headers will be masked to prevent unsafe logging of potentially sensitive data
[2023-04-25 15:38:22:11360][http-nio-8088-exec-1] INFO  o.s.web.servlet.DispatcherServlet - Completed initialization in 1 ms
[2023-04-25 15:38:22:11367][http-nio-8088-exec-1] DEBUG o.s.web.servlet.DispatcherServlet - GET "/", parameters={}
[2023-04-25 15:38:22:11375][http-nio-8088-exec-1] DEBUG o.s.w.s.m.m.a.RequestMappingHandlerMapping - Mapped to com.kbstar.controller.MainController#main()
[2023-04-25 15:38:22:11393][http-nio-8088-exec-1] DEBUG o.s.w.s.v.ContentNegotiatingViewResolver - Selected 'text/html' given [text/html, application/xhtml+xml, image/avif, image/webp, image/apng, application/xml;q=0.9, application/signed-exchange;v=b3;q=0.7, */*;q=0.8]
[2023-04-25 15:38:22:11393][http-nio-8088-exec-1] DEBUG o.s.web.servlet.view.JstlView - View name 'index', model {}
[2023-04-25 15:38:22:11397][http-nio-8088-exec-1] DEBUG o.s.web.servlet.view.JstlView - Forwarding to [/views/index.jsp]
[2023-04-25 15:38:23:12013][http-nio-8088-exec-2] DEBUG o.s.web.servlet.DispatcherServlet - GET "/vendor/fontawesome-free/css/all.min.css", parameters={}
[2023-04-25 15:38:23:12017][http-nio-8088-exec-3] DEBUG o.s.web.servlet.DispatcherServlet - GET "/css/sb-admin-2.min.css", parameters={}
[2023-04-25 15:38:23:12017][http-nio-8088-exec-4] DEBUG o.s.web.servlet.DispatcherServlet - GET "/img/undraw_rocket.svg", parameters={}
[2023-04-25 15:38:23:12019][http-nio-8088-exec-3] DEBUG o.s.w.s.h.SimpleUrlHandlerMapping - Mapped to ResourceHttpRequestHandler [classpath [META-INF/resources/], classpath [resources/], classpath [static/], classpath [public/], ServletContext [/]]
[2023-04-25 15:38:23:12019][http-nio-8088-exec-4] DEBUG o.s.w.s.h.SimpleUrlHandlerMapping - Mapped to ResourceHttpRequestHandler [classpath [META-INF/resources/], classpath [resources/], classpath [static/], classpath [public/], ServletContext [/]]
[2023-04-25 15:38:23:12019][http-nio-8088-exec-2] DEBUG o.s.w.s.h.SimpleUrlHandlerMapping - Mapped to ResourceHttpRequestHandler [classpath [META-INF/resources/], classpath [resources/], classpath [static/], classpath [public/], ServletContext [/]]
[2023-04-25 15:38:23:12019][http-nio-8088-exec-5] DEBUG o.s.web.servlet.DispatcherServlet - GET "/img/undraw_profile_1.svg", parameters={}
[2023-04-25 15:38:23:12020][http-nio-8088-exec-6] DEBUG o.s.web.servlet.DispatcherServlet - GET "/img/undraw_profile_2.svg", parameters={}
[2023-04-25 15:38:23:12020][http-nio-8088-exec-5] DEBUG o.s.w.s.h.SimpleUrlHandlerMapping - Mapped to ResourceHttpRequestHandler [classpath [META-INF/resources/], classpath [resources/], classpath [static/], classpath [public/], ServletContext [/]]
[2023-04-25 15:38:23:12020][http-nio-8088-exec-6] DEBUG o.s.w.s.h.SimpleUrlHandlerMapping - Mapped to ResourceHttpRequestHandler [classpath [META-INF/resources/], classpath [resources/], classpath [static/], classpath [public/], ServletContext [/]]
[2023-04-25 15:38:23:12027][http-nio-8088-exec-5] DEBUG o.s.web.servlet.DispatcherServlet - Completed 200 OK
[2023-04-25 15:38:23:12027][http-nio-8088-exec-2] DEBUG o.s.web.servlet.DispatcherServlet - Completed 200 OK
[2023-04-25 15:38:23:12027][http-nio-8088-exec-4] DEBUG o.s.web.servlet.DispatcherServlet - Completed 200 OK
[2023-04-25 15:38:23:12027][http-nio-8088-exec-6] DEBUG o.s.web.servlet.DispatcherServlet - Completed 200 OK
[2023-04-25 15:38:23:12028][http-nio-8088-exec-3] DEBUG o.s.web.servlet.DispatcherServlet - Completed 200 OK
[2023-04-25 15:38:23:12029][http-nio-8088-exec-4] DEBUG o.s.web.servlet.DispatcherServlet - GET "/img/undraw_profile_3.svg", parameters={}
[2023-04-25 15:38:23:12031][http-nio-8088-exec-4] DEBUG o.s.w.s.h.SimpleUrlHandlerMapping - Mapped to ResourceHttpRequestHandler [classpath [META-INF/resources/], classpath [resources/], classpath [static/], classpath [public/], ServletContext [/]]
[2023-04-25 15:38:23:12032][http-nio-8088-exec-4] DEBUG o.s.web.servlet.DispatcherServlet - Completed 200 OK
[2023-04-25 15:38:23:12043][http-nio-8088-exec-1] DEBUG o.s.web.servlet.DispatcherServlet - Completed 200 OK
[2023-04-25 15:38:23:12073][http-nio-8088-exec-7] DEBUG o.s.web.servlet.DispatcherServlet - GET "/vendor/fontawesome-free/webfonts/fa-solid-900.woff2", parameters={}
[2023-04-25 15:38:23:12074][http-nio-8088-exec-7] DEBUG o.s.w.s.h.SimpleUrlHandlerMapping - Mapped to ResourceHttpRequestHandler [classpath [META-INF/resources/], classpath [resources/], classpath [static/], classpath [public/], ServletContext [/]]
[2023-04-25 15:38:23:12074][http-nio-8088-exec-8] DEBUG o.s.web.servlet.DispatcherServlet - GET "/img/undraw_profile.svg", parameters={}
[2023-04-25 15:38:23:12075][http-nio-8088-exec-9] DEBUG o.s.web.servlet.DispatcherServlet - GET "/img/undraw_posting_photo.svg", parameters={}
[2023-04-25 15:38:23:12075][http-nio-8088-exec-8] DEBUG o.s.w.s.h.SimpleUrlHandlerMapping - Mapped to ResourceHttpRequestHandler [classpath [META-INF/resources/], classpath [resources/], classpath [static/], classpath [public/], ServletContext [/]]
[2023-04-25 15:38:23:12075][http-nio-8088-exec-10] DEBUG o.s.web.servlet.DispatcherServlet - GET "/vendor/jquery/jquery.min.js", parameters={}
[2023-04-25 15:38:23:12076][http-nio-8088-exec-5] DEBUG o.s.web.servlet.DispatcherServlet - GET "/vendor/bootstrap/js/bootstrap.bundle.min.js", parameters={}
[2023-04-25 15:38:23:12076][http-nio-8088-exec-2] DEBUG o.s.web.servlet.DispatcherServlet - GET "/vendor/jquery-easing/jquery.easing.min.js", parameters={}
[2023-04-25 15:38:23:12076][http-nio-8088-exec-5] DEBUG o.s.w.s.h.SimpleUrlHandlerMapping - Mapped to ResourceHttpRequestHandler [classpath [META-INF/resources/], classpath [resources/], classpath [static/], classpath [public/], ServletContext [/]]
[2023-04-25 15:38:23:12076][http-nio-8088-exec-10] DEBUG o.s.w.s.h.SimpleUrlHandlerMapping - Mapped to ResourceHttpRequestHandler [classpath [META-INF/resources/], classpath [resources/], classpath [static/], classpath [public/], ServletContext [/]]
[2023-04-25 15:38:23:12076][http-nio-8088-exec-9] DEBUG o.s.w.s.h.SimpleUrlHandlerMapping - Mapped to ResourceHttpRequestHandler [classpath [META-INF/resources/], classpath [resources/], classpath [static/], classpath [public/], ServletContext [/]]
[2023-04-25 15:38:23:12076][http-nio-8088-exec-2] DEBUG o.s.w.s.h.SimpleUrlHandlerMapping - Mapped to ResourceHttpRequestHandler [classpath [META-INF/resources/], classpath [resources/], classpath [static/], classpath [public/], ServletContext [/]]
[2023-04-25 15:38:23:12078][http-nio-8088-exec-8] DEBUG o.s.web.servlet.DispatcherServlet - Completed 200 OK
[2023-04-25 15:38:23:12078][http-nio-8088-exec-10] DEBUG o.s.web.servlet.DispatcherServlet - Completed 200 OK
[2023-04-25 15:38:23:12078][http-nio-8088-exec-9] DEBUG o.s.web.servlet.DispatcherServlet - Completed 200 OK
[2023-04-25 15:38:23:12078][http-nio-8088-exec-2] DEBUG o.s.web.servlet.DispatcherServlet - Completed 200 OK
[2023-04-25 15:38:23:12078][http-nio-8088-exec-5] DEBUG o.s.web.servlet.DispatcherServlet - Completed 200 OK
[2023-04-25 15:38:23:12082][http-nio-8088-exec-2] DEBUG o.s.web.servlet.DispatcherServlet - GET "/js/demo/chart-bar-demo.js", parameters={}
[2023-04-25 15:38:23:12082][http-nio-8088-exec-6] DEBUG o.s.web.servlet.DispatcherServlet - GET "/js/sb-admin-2.min.js", parameters={}
[2023-04-25 15:38:23:12082][http-nio-8088-exec-4] DEBUG o.s.web.servlet.DispatcherServlet - GET "/vendor/chart.js/Chart.min.js", parameters={}
[2023-04-25 15:38:23:12082][http-nio-8088-exec-3] DEBUG o.s.web.servlet.DispatcherServlet - GET "/js/demo/chart-area-demo.js", parameters={}
[2023-04-25 15:38:23:12082][http-nio-8088-exec-1] DEBUG o.s.web.servlet.DispatcherServlet - GET "/js/demo/chart-pie-demo.js", parameters={}
[2023-04-25 15:38:23:12083][http-nio-8088-exec-6] DEBUG o.s.w.s.h.SimpleUrlHandlerMapping - Mapped to ResourceHttpRequestHandler [classpath [META-INF/resources/], classpath [resources/], classpath [static/], classpath [public/], ServletContext [/]]
[2023-04-25 15:38:23:12083][http-nio-8088-exec-2] DEBUG o.s.w.s.h.SimpleUrlHandlerMapping - Mapped to ResourceHttpRequestHandler [classpath [META-INF/resources/], classpath [resources/], classpath [static/], classpath [public/], ServletContext [/]]
[2023-04-25 15:38:23:12083][http-nio-8088-exec-4] DEBUG o.s.w.s.h.SimpleUrlHandlerMapping - Mapped to ResourceHttpRequestHandler [classpath [META-INF/resources/], classpath [resources/], classpath [static/], classpath [public/], ServletContext [/]]
[2023-04-25 15:38:23:12083][http-nio-8088-exec-3] DEBUG o.s.w.s.h.SimpleUrlHandlerMapping - Mapped to ResourceHttpRequestHandler [classpath [META-INF/resources/], classpath [resources/], classpath [static/], classpath [public/], ServletContext [/]]
[2023-04-25 15:38:23:12083][http-nio-8088-exec-1] DEBUG o.s.w.s.h.SimpleUrlHandlerMapping - Mapped to ResourceHttpRequestHandler [classpath [META-INF/resources/], classpath [resources/], classpath [static/], classpath [public/], ServletContext [/]]
[2023-04-25 15:38:23:12083][http-nio-8088-exec-7] DEBUG o.s.web.servlet.DispatcherServlet - Completed 200 OK
[2023-04-25 15:38:23:12085][http-nio-8088-exec-2] DEBUG o.s.web.servlet.DispatcherServlet - Completed 200 OK
[2023-04-25 15:38:23:12085][http-nio-8088-exec-5] DEBUG o.s.web.servlet.DispatcherServlet - GET "/vendor/datatables/jquery.dataTables.min.js", parameters={}
[2023-04-25 15:38:23:12085][http-nio-8088-exec-1] DEBUG o.s.web.servlet.DispatcherServlet - Completed 200 OK
[2023-04-25 15:38:23:12085][http-nio-8088-exec-3] DEBUG o.s.web.servlet.DispatcherServlet - Completed 200 OK
[2023-04-25 15:38:23:12085][http-nio-8088-exec-6] DEBUG o.s.web.servlet.DispatcherServlet - Completed 200 OK
[2023-04-25 15:38:23:12085][http-nio-8088-exec-5] DEBUG o.s.w.s.h.SimpleUrlHandlerMapping - Mapped to ResourceHttpRequestHandler [classpath [META-INF/resources/], classpath [resources/], classpath [static/], classpath [public/], ServletContext [/]]
[2023-04-25 15:38:23:12085][http-nio-8088-exec-4] DEBUG o.s.web.servlet.DispatcherServlet - Completed 200 OK
[2023-04-25 15:38:23:12087][http-nio-8088-exec-10] DEBUG o.s.web.servlet.DispatcherServlet - GET "/vendor/datatables/dataTables.bootstrap4.min.js", parameters={}
[2023-04-25 15:38:23:12087][http-nio-8088-exec-8] DEBUG o.s.web.servlet.DispatcherServlet - GET "/js/demo/datatables-demo.js", parameters={}
[2023-04-25 15:38:23:12087][http-nio-8088-exec-5] DEBUG o.s.web.servlet.DispatcherServlet - Completed 200 OK
[2023-04-25 15:38:23:12088][http-nio-8088-exec-10] DEBUG o.s.w.s.h.SimpleUrlHandlerMapping - Mapped to ResourceHttpRequestHandler [classpath [META-INF/resources/], classpath [resources/], classpath [static/], classpath [public/], ServletContext [/]]
[2023-04-25 15:38:23:12088][http-nio-8088-exec-8] DEBUG o.s.w.s.h.SimpleUrlHandlerMapping - Mapped to ResourceHttpRequestHandler [classpath [META-INF/resources/], classpath [resources/], classpath [static/], classpath [public/], ServletContext [/]]
[2023-04-25 15:38:23:12089][http-nio-8088-exec-10] DEBUG o.s.web.servlet.DispatcherServlet - Completed 200 OK
[2023-04-25 15:38:23:12089][http-nio-8088-exec-8] DEBUG o.s.web.servlet.DispatcherServlet - Completed 200 OK
[2023-04-25 15:38:24:12760][http-nio-8088-exec-9] DEBUG o.s.web.servlet.DispatcherServlet - GET "/favicon.ico", parameters={}
[2023-04-25 15:38:24:12760][http-nio-8088-exec-9] DEBUG o.s.w.s.h.SimpleUrlHandlerMapping - Mapped to ResourceHttpRequestHandler [classpath [META-INF/resources/], classpath [resources/], classpath [static/], classpath [public/], ServletContext [/]]
[2023-04-25 15:38:24:12765][http-nio-8088-exec-9] DEBUG o.s.w.s.r.ResourceHttpRequestHandler - Resource not found
[2023-04-25 15:38:24:12765][http-nio-8088-exec-9] DEBUG o.s.web.servlet.DispatcherServlet - Completed 404 NOT_FOUND
[2023-04-25 15:38:24:12765][http-nio-8088-exec-9] DEBUG o.s.web.servlet.DispatcherServlet - "ERROR" dispatch for GET "/error", parameters={}
[2023-04-25 15:38:24:12766][http-nio-8088-exec-9] DEBUG o.s.w.s.m.m.a.RequestMappingHandlerMapping - Mapped to org.springframework.boot.autoconfigure.web.servlet.error.BasicErrorController#error(HttpServletRequest)
[2023-04-25 15:38:24:12783][http-nio-8088-exec-9] DEBUG o.s.w.s.m.m.a.HttpEntityMethodProcessor - Using 'application/json;q=0.8', given [image/avif, image/webp, image/apng, image/svg+xml, image/*, */*;q=0.8] and supported [application/json, application/*+json, application/json, application/*+json]
[2023-04-25 15:38:24:12790][http-nio-8088-exec-9] DEBUG o.s.w.s.m.m.a.HttpEntityMethodProcessor - Writing [{timestamp=Tue Apr 25 15:38:24 KST 2023, status=404, error=Not Found, message=No message available,  (truncated)...]
[2023-04-25 15:38:24:12831][http-nio-8088-exec-9] DEBUG o.s.web.servlet.DispatcherServlet - Exiting from "ERROR" dispatch, status 404
[2023-04-25 15:38:25:13773][http-nio-8088-exec-7] DEBUG o.s.web.servlet.DispatcherServlet - GET "/tables", parameters={}
[2023-04-25 15:38:25:13773][http-nio-8088-exec-7] DEBUG o.s.w.s.m.m.a.RequestMappingHandlerMapping - Mapped to com.kbstar.controller.ItemController#main(Model)
[2023-04-25 15:38:25:13775][http-nio-8088-exec-7] DEBUG o.s.w.s.v.ContentNegotiatingViewResolver - Selected 'text/html' given [text/html, application/xhtml+xml, image/avif, image/webp, image/apng, application/xml;q=0.9, application/signed-exchange;v=b3;q=0.7, */*;q=0.8]
[2023-04-25 15:38:25:13782][http-nio-8088-exec-7] DEBUG o.s.web.servlet.view.JstlView - View name 'index', model {allitem=[ItemDTO(id=100, name=a, price=1000, imgname=a.jpg, regdate=Tue Apr 25 15:38:25 KST 2023), ItemDTO(id=101, name=b, price=1000, imgname=b.jpg, regdate=Tue Apr 25 15:38:25 KST 2023), ItemDTO(id=102, name=c, price=1000, imgname=c.jpg, regdate=Tue Apr 25 15:38:25 KST 2023), ItemDTO(id=103, name=d, price=1000, imgname=d.jpg, regdate=Tue Apr 25 15:38:25 KST 2023), ItemDTO(id=104, name=e, price=1000, imgname=e.jpg, regdate=Tue Apr 25 15:38:25 KST 2023), ItemDTO(id=105, name=f, price=1000, imgname=f.jpg, regdate=Tue Apr 25 15:38:25 KST 2023), ItemDTO(id=106, name=g, price=1000, imgname=g.jpg, regdate=Tue Apr 25 15:38:25 KST 2023), ItemDTO(id=107, name=h, price=1000, imgname=h.jpg, regdate=Tue Apr 25 15:38:25 KST 2023), ItemDTO(id=108, name=i, price=1000, imgname=i.jpg, regdate=Tue Apr 25 15:38:25 KST 2023), ItemDTO(id=109, name=j, price=1000, imgname=j.jpg, regdate=Tue Apr 25 15:38:25 KST 2023), ItemDTO(id=110, name=k, price=1000, imgname=k.jpg, regdate=Tue Apr 25 15:38:25 KST 2023), ItemDTO(id=111, name=l, price=1000, imgname=l.jpg, regdate=Tue Apr 25 15:38:25 KST 2023)], center=tables}
[2023-04-25 15:38:25:13782][http-nio-8088-exec-7] DEBUG o.s.web.servlet.view.JstlView - Forwarding to [/views/index.jsp]
[2023-04-25 15:38:25:13837][http-nio-8088-exec-1] DEBUG o.s.web.servlet.DispatcherServlet - GET "/css/sb-admin-2.min.css", parameters={}
[2023-04-25 15:38:25:13837][http-nio-8088-exec-2] DEBUG o.s.web.servlet.DispatcherServlet - GET "/vendor/fontawesome-free/css/all.min.css", parameters={}
[2023-04-25 15:38:25:13837][http-nio-8088-exec-3] DEBUG o.s.web.servlet.DispatcherServlet - GET "/img/undraw_rocket.svg", parameters={}
[2023-04-25 15:38:25:13837][http-nio-8088-exec-6] DEBUG o.s.web.servlet.DispatcherServlet - GET "/img/undraw_profile_1.svg", parameters={}
[2023-04-25 15:38:25:13837][http-nio-8088-exec-4] DEBUG o.s.web.servlet.DispatcherServlet - GET "/img/undraw_profile_2.svg", parameters={}
[2023-04-25 15:38:25:13838][http-nio-8088-exec-1] DEBUG o.s.w.s.h.SimpleUrlHandlerMapping - Mapped to ResourceHttpRequestHandler [classpath [META-INF/resources/], classpath [resources/], classpath [static/], classpath [public/], ServletContext [/]]
[2023-04-25 15:38:25:13838][http-nio-8088-exec-2] DEBUG o.s.w.s.h.SimpleUrlHandlerMapping - Mapped to ResourceHttpRequestHandler [classpath [META-INF/resources/], classpath [resources/], classpath [static/], classpath [public/], ServletContext [/]]
[2023-04-25 15:38:25:13838][http-nio-8088-exec-6] DEBUG o.s.w.s.h.SimpleUrlHandlerMapping - Mapped to ResourceHttpRequestHandler [classpath [META-INF/resources/], classpath [resources/], classpath [static/], classpath [public/], ServletContext [/]]
[2023-04-25 15:38:25:13838][http-nio-8088-exec-3] DEBUG o.s.w.s.h.SimpleUrlHandlerMapping - Mapped to ResourceHttpRequestHandler [classpath [META-INF/resources/], classpath [resources/], classpath [static/], classpath [public/], ServletContext [/]]
[2023-04-25 15:38:25:13838][http-nio-8088-exec-4] DEBUG o.s.w.s.h.SimpleUrlHandlerMapping - Mapped to ResourceHttpRequestHandler [classpath [META-INF/resources/], classpath [resources/], classpath [static/], classpath [public/], ServletContext [/]]
[2023-04-25 15:38:25:13839][http-nio-8088-exec-4] DEBUG o.s.web.servlet.DispatcherServlet - Completed 200 OK
[2023-04-25 15:38:25:13839][http-nio-8088-exec-3] DEBUG o.s.web.servlet.DispatcherServlet - Completed 200 OK
[2023-04-25 15:38:25:13839][http-nio-8088-exec-2] DEBUG o.s.web.servlet.DispatcherServlet - Completed 200 OK
[2023-04-25 15:38:25:13839][http-nio-8088-exec-6] DEBUG o.s.web.servlet.DispatcherServlet - Completed 200 OK
[2023-04-25 15:38:25:13841][http-nio-8088-exec-1] DEBUG o.s.web.servlet.DispatcherServlet - Completed 200 OK
[2023-04-25 15:38:25:13842][http-nio-8088-exec-1] DEBUG o.s.web.servlet.DispatcherServlet - GET "/img/undraw_profile_3.svg", parameters={}
[2023-04-25 15:38:25:13842][http-nio-8088-exec-1] DEBUG o.s.w.s.h.SimpleUrlHandlerMapping - Mapped to ResourceHttpRequestHandler [classpath [META-INF/resources/], classpath [resources/], classpath [static/], classpath [public/], ServletContext [/]]
[2023-04-25 15:38:25:13844][http-nio-8088-exec-1] DEBUG o.s.web.servlet.DispatcherServlet - Completed 200 OK
[2023-04-25 15:38:25:13862][http-nio-8088-exec-10] DEBUG o.s.web.servlet.DispatcherServlet - GET "/vendor/fontawesome-free/webfonts/fa-solid-900.woff2", parameters={}
[2023-04-25 15:38:25:13863][http-nio-8088-exec-10] DEBUG o.s.w.s.h.SimpleUrlHandlerMapping - Mapped to ResourceHttpRequestHandler [classpath [META-INF/resources/], classpath [resources/], classpath [static/], classpath [public/], ServletContext [/]]
[2023-04-25 15:38:25:13865][http-nio-8088-exec-10] DEBUG o.s.web.servlet.DispatcherServlet - Completed 200 OK
[2023-04-25 15:38:25:13934][http-nio-8088-exec-7] DEBUG o.s.web.servlet.DispatcherServlet - Completed 200 OK
[2023-04-25 15:38:25:13940][http-nio-8088-exec-8] DEBUG o.s.web.servlet.DispatcherServlet - GET "/img/undraw_profile.svg", parameters={}
[2023-04-25 15:38:25:13940][http-nio-8088-exec-3] DEBUG o.s.web.servlet.DispatcherServlet - GET "/img/c.jpg", parameters={}
[2023-04-25 15:38:25:13940][http-nio-8088-exec-4] DEBUG o.s.web.servlet.DispatcherServlet - GET "/img/d.jpg", parameters={}
[2023-04-25 15:38:25:13940][http-nio-8088-exec-9] DEBUG o.s.web.servlet.DispatcherServlet - GET "/img/a.jpg", parameters={}
[2023-04-25 15:38:25:13940][http-nio-8088-exec-2] DEBUG o.s.web.servlet.DispatcherServlet - GET "/img/b.jpg", parameters={}
[2023-04-25 15:38:25:13940][http-nio-8088-exec-8] DEBUG o.s.w.s.h.SimpleUrlHandlerMapping - Mapped to ResourceHttpRequestHandler [classpath [META-INF/resources/], classpath [resources/], classpath [static/], classpath [public/], ServletContext [/]]
[2023-04-25 15:38:25:13940][http-nio-8088-exec-3] DEBUG o.s.w.s.h.SimpleUrlHandlerMapping - Mapped to ResourceHttpRequestHandler [classpath [META-INF/resources/], classpath [resources/], classpath [static/], classpath [public/], ServletContext [/]]
[2023-04-25 15:38:25:13940][http-nio-8088-exec-9] DEBUG o.s.w.s.h.SimpleUrlHandlerMapping - Mapped to ResourceHttpRequestHandler [classpath [META-INF/resources/], classpath [resources/], classpath [static/], classpath [public/], ServletContext [/]]
[2023-04-25 15:38:25:13940][http-nio-8088-exec-6] DEBUG o.s.web.servlet.DispatcherServlet - GET "/img/e.jpg", parameters={}
[2023-04-25 15:38:25:13940][http-nio-8088-exec-4] DEBUG o.s.w.s.h.SimpleUrlHandlerMapping - Mapped to ResourceHttpRequestHandler [classpath [META-INF/resources/], classpath [resources/], classpath [static/], classpath [public/], ServletContext [/]]
[2023-04-25 15:38:25:13942][http-nio-8088-exec-2] DEBUG o.s.w.s.h.SimpleUrlHandlerMapping - Mapped to ResourceHttpRequestHandler [classpath [META-INF/resources/], classpath [resources/], classpath [static/], classpath [public/], ServletContext [/]]
[2023-04-25 15:38:25:13942][http-nio-8088-exec-6] DEBUG o.s.w.s.h.SimpleUrlHandlerMapping - Mapped to ResourceHttpRequestHandler [classpath [META-INF/resources/], classpath [resources/], classpath [static/], classpath [public/], ServletContext [/]]
[2023-04-25 15:38:25:13942][http-nio-8088-exec-8] DEBUG o.s.web.servlet.DispatcherServlet - Completed 200 OK
[2023-04-25 15:38:25:13943][http-nio-8088-exec-3] DEBUG o.s.web.servlet.DispatcherServlet - Completed 200 OK
[2023-04-25 15:38:25:13943][http-nio-8088-exec-6] DEBUG o.s.web.servlet.DispatcherServlet - Completed 200 OK
[2023-04-25 15:38:25:13943][http-nio-8088-exec-9] DEBUG o.s.web.servlet.DispatcherServlet - Completed 200 OK
[2023-04-25 15:38:25:13943][http-nio-8088-exec-4] DEBUG o.s.web.servlet.DispatcherServlet - Completed 200 OK
[2023-04-25 15:38:25:13944][http-nio-8088-exec-2] DEBUG o.s.web.servlet.DispatcherServlet - Completed 200 OK
[2023-04-25 15:38:25:13944][http-nio-8088-exec-5] DEBUG o.s.web.servlet.DispatcherServlet - GET "/vendor/jquery/jquery.min.js", parameters={}
[2023-04-25 15:38:25:13944][http-nio-8088-exec-5] DEBUG o.s.w.s.h.SimpleUrlHandlerMapping - Mapped to ResourceHttpRequestHandler [classpath [META-INF/resources/], classpath [resources/], classpath [static/], classpath [public/], ServletContext [/]]
[2023-04-25 15:38:25:13945][http-nio-8088-exec-1] DEBUG o.s.web.servlet.DispatcherServlet - GET "/vendor/bootstrap/js/bootstrap.bundle.min.js", parameters={}
[2023-04-25 15:38:25:13945][http-nio-8088-exec-10] DEBUG o.s.web.servlet.DispatcherServlet - GET "/vendor/jquery-easing/jquery.easing.min.js", parameters={}
[2023-04-25 15:38:25:13945][http-nio-8088-exec-8] DEBUG o.s.web.servlet.DispatcherServlet - GET "/vendor/chart.js/Chart.min.js", parameters={}
[2023-04-25 15:38:25:13945][http-nio-8088-exec-7] DEBUG o.s.web.servlet.DispatcherServlet - GET "/js/sb-admin-2.min.js", parameters={}
[2023-04-25 15:38:25:13945][http-nio-8088-exec-1] DEBUG o.s.w.s.h.SimpleUrlHandlerMapping - Mapped to ResourceHttpRequestHandler [classpath [META-INF/resources/], classpath [resources/], classpath [static/], classpath [public/], ServletContext [/]]
[2023-04-25 15:38:25:13945][http-nio-8088-exec-8] DEBUG o.s.w.s.h.SimpleUrlHandlerMapping - Mapped to ResourceHttpRequestHandler [classpath [META-INF/resources/], classpath [resources/], classpath [static/], classpath [public/], ServletContext [/]]
[2023-04-25 15:38:25:13945][http-nio-8088-exec-7] DEBUG o.s.w.s.h.SimpleUrlHandlerMapping - Mapped to ResourceHttpRequestHandler [classpath [META-INF/resources/], classpath [resources/], classpath [static/], classpath [public/], ServletContext [/]]
[2023-04-25 15:38:25:13945][http-nio-8088-exec-10] DEBUG o.s.w.s.h.SimpleUrlHandlerMapping - Mapped to ResourceHttpRequestHandler [classpath [META-INF/resources/], classpath [resources/], classpath [static/], classpath [public/], ServletContext [/]]
[2023-04-25 15:38:25:13947][http-nio-8088-exec-5] DEBUG o.s.web.servlet.DispatcherServlet - Completed 200 OK
[2023-04-25 15:38:25:13947][http-nio-8088-exec-7] DEBUG o.s.web.servlet.DispatcherServlet - Completed 200 OK
[2023-04-25 15:38:25:13947][http-nio-8088-exec-1] DEBUG o.s.web.servlet.DispatcherServlet - Completed 200 OK
[2023-04-25 15:38:25:13948][http-nio-8088-exec-10] DEBUG o.s.web.servlet.DispatcherServlet - Completed 200 OK
[2023-04-25 15:38:25:13949][http-nio-8088-exec-8] DEBUG o.s.web.servlet.DispatcherServlet - Completed 200 OK
[2023-04-25 15:38:25:13949][http-nio-8088-exec-3] DEBUG o.s.web.servlet.DispatcherServlet - GET "/js/demo/chart-area-demo.js", parameters={}
[2023-04-25 15:38:25:13950][http-nio-8088-exec-3] DEBUG o.s.w.s.h.SimpleUrlHandlerMapping - Mapped to ResourceHttpRequestHandler [classpath [META-INF/resources/], classpath [resources/], classpath [static/], classpath [public/], ServletContext [/]]
[2023-04-25 15:38:25:13951][http-nio-8088-exec-9] DEBUG o.s.web.servlet.DispatcherServlet - GET "/js/demo/chart-bar-demo.js", parameters={}
[2023-04-25 15:38:25:13951][http-nio-8088-exec-2] DEBUG o.s.web.servlet.DispatcherServlet - GET "/vendor/datatables/dataTables.bootstrap4.min.js", parameters={}
[2023-04-25 15:38:25:13951][http-nio-8088-exec-6] DEBUG o.s.web.servlet.DispatcherServlet - GET "/js/demo/chart-pie-demo.js", parameters={}
[2023-04-25 15:38:25:13951][http-nio-8088-exec-4] DEBUG o.s.web.servlet.DispatcherServlet - GET "/vendor/datatables/jquery.dataTables.min.js", parameters={}
[2023-04-25 15:38:25:13951][http-nio-8088-exec-6] DEBUG o.s.w.s.h.SimpleUrlHandlerMapping - Mapped to ResourceHttpRequestHandler [classpath [META-INF/resources/], classpath [resources/], classpath [static/], classpath [public/], ServletContext [/]]
[2023-04-25 15:38:25:13952][http-nio-8088-exec-3] DEBUG o.s.web.servlet.DispatcherServlet - Completed 200 OK
[2023-04-25 15:38:25:13951][http-nio-8088-exec-5] DEBUG o.s.web.servlet.DispatcherServlet - GET "/js/demo/datatables-demo.js", parameters={}
[2023-04-25 15:38:25:13952][http-nio-8088-exec-9] DEBUG o.s.w.s.h.SimpleUrlHandlerMapping - Mapped to ResourceHttpRequestHandler [classpath [META-INF/resources/], classpath [resources/], classpath [static/], classpath [public/], ServletContext [/]]
[2023-04-25 15:38:25:13951][http-nio-8088-exec-2] DEBUG o.s.w.s.h.SimpleUrlHandlerMapping - Mapped to ResourceHttpRequestHandler [classpath [META-INF/resources/], classpath [resources/], classpath [static/], classpath [public/], ServletContext [/]]
[2023-04-25 15:38:25:13954][http-nio-8088-exec-9] DEBUG o.s.web.servlet.DispatcherServlet - Completed 200 OK
[2023-04-25 15:38:25:13954][http-nio-8088-exec-6] DEBUG o.s.web.servlet.DispatcherServlet - Completed 200 OK
[2023-04-25 15:38:25:13956][http-nio-8088-exec-2] DEBUG o.s.web.servlet.DispatcherServlet - Completed 200 OK
[2023-04-25 15:38:25:13951][http-nio-8088-exec-4] DEBUG o.s.w.s.h.SimpleUrlHandlerMapping - Mapped to ResourceHttpRequestHandler [classpath [META-INF/resources/], classpath [resources/], classpath [static/], classpath [public/], ServletContext [/]]
[2023-04-25 15:38:25:13959][http-nio-8088-exec-5] DEBUG o.s.w.s.h.SimpleUrlHandlerMapping - Mapped to ResourceHttpRequestHandler [classpath [META-INF/resources/], classpath [resources/], classpath [static/], classpath [public/], ServletContext [/]]
[2023-04-25 15:38:25:13961][http-nio-8088-exec-5] DEBUG o.s.web.servlet.DispatcherServlet - Completed 200 OK
[2023-04-25 15:38:25:13961][http-nio-8088-exec-7] DEBUG o.s.web.servlet.DispatcherServlet - GET "/img/f.jpg", parameters={}
[2023-04-25 15:38:25:13961][http-nio-8088-exec-4] DEBUG o.s.web.servlet.DispatcherServlet - Completed 200 OK
[2023-04-25 15:38:25:13961][http-nio-8088-exec-7] DEBUG o.s.w.s.h.SimpleUrlHandlerMapping - Mapped to ResourceHttpRequestHandler [classpath [META-INF/resources/], classpath [resources/], classpath [static/], classpath [public/], ServletContext [/]]
[2023-04-25 15:38:25:13966][http-nio-8088-exec-1] DEBUG o.s.web.servlet.DispatcherServlet - GET "/img/g.jpg", parameters={}
[2023-04-25 15:38:25:13966][http-nio-8088-exec-10] DEBUG o.s.web.servlet.DispatcherServlet - GET "/img/h.jpg", parameters={}
[2023-04-25 15:38:25:13966][http-nio-8088-exec-8] DEBUG o.s.web.servlet.DispatcherServlet - GET "/img/i.jpg", parameters={}
[2023-04-25 15:38:25:13967][http-nio-8088-exec-1] DEBUG o.s.w.s.h.SimpleUrlHandlerMapping - Mapped to ResourceHttpRequestHandler [classpath [META-INF/resources/], classpath [resources/], classpath [static/], classpath [public/], ServletContext [/]]
[2023-04-25 15:38:25:13968][http-nio-8088-exec-7] DEBUG o.s.web.servlet.DispatcherServlet - Completed 200 OK
[2023-04-25 15:38:25:13968][http-nio-8088-exec-8] DEBUG o.s.w.s.h.SimpleUrlHandlerMapping - Mapped to ResourceHttpRequestHandler [classpath [META-INF/resources/], classpath [resources/], classpath [static/], classpath [public/], ServletContext [/]]
[2023-04-25 15:38:25:13968][http-nio-8088-exec-10] DEBUG o.s.w.s.h.SimpleUrlHandlerMapping - Mapped to ResourceHttpRequestHandler [classpath [META-INF/resources/], classpath [resources/], classpath [static/], classpath [public/], ServletContext [/]]
[2023-04-25 15:38:25:13970][http-nio-8088-exec-1] DEBUG o.s.web.servlet.DispatcherServlet - Completed 200 OK
[2023-04-25 15:38:25:13970][http-nio-8088-exec-8] DEBUG o.s.web.servlet.DispatcherServlet - Completed 200 OK
[2023-04-25 15:38:25:13971][http-nio-8088-exec-3] DEBUG o.s.web.servlet.DispatcherServlet - GET "/img/l.jpg", parameters={}
[2023-04-25 15:38:25:13971][http-nio-8088-exec-9] DEBUG o.s.web.servlet.DispatcherServlet - GET "/img/j.jpg", parameters={}
[2023-04-25 15:38:25:13971][http-nio-8088-exec-6] DEBUG o.s.web.servlet.DispatcherServlet - GET "/img/k.jpg", parameters={}
[2023-04-25 15:38:25:13971][http-nio-8088-exec-9] DEBUG o.s.w.s.h.SimpleUrlHandlerMapping - Mapped to ResourceHttpRequestHandler [classpath [META-INF/resources/], classpath [resources/], classpath [static/], classpath [public/], ServletContext [/]]
[2023-04-25 15:38:25:13971][http-nio-8088-exec-6] DEBUG o.s.w.s.h.SimpleUrlHandlerMapping - Mapped to ResourceHttpRequestHandler [classpath [META-INF/resources/], classpath [resources/], classpath [static/], classpath [public/], ServletContext [/]]
[2023-04-25 15:38:25:13971][http-nio-8088-exec-3] DEBUG o.s.w.s.h.SimpleUrlHandlerMapping - Mapped to ResourceHttpRequestHandler [classpath [META-INF/resources/], classpath [resources/], classpath [static/], classpath [public/], ServletContext [/]]
[2023-04-25 15:38:25:13973][http-nio-8088-exec-10] DEBUG o.s.web.servlet.DispatcherServlet - Completed 200 OK
[2023-04-25 15:38:25:13973][http-nio-8088-exec-9] DEBUG o.s.web.servlet.DispatcherServlet - Completed 200 OK
[2023-04-25 15:38:25:13973][http-nio-8088-exec-3] DEBUG o.s.web.servlet.DispatcherServlet - Completed 200 OK
[2023-04-25 15:38:25:13973][http-nio-8088-exec-6] DEBUG o.s.web.servlet.DispatcherServlet - Completed 200 OK
